<?xml version="1.0" encoding="UTF-8"?>
<!-- Generated by org.testng.reporters.JUnitReportReporter -->
<testsuite hostname="DESKTOP-HSCUT9S" failures="0" tests="1" name="flipkarttest.HomePageTest" time="32.325" errors="0" timestamp="2024-06-26T17:46:11 IST" skipped="0">
  <testcase classname="flipkarttest.HomePageTest" name="testFlipkartNavigation" time="32.325"/>
</testsuite> <!-- flipkarttest.HomePageTest -->
